

***********************************************************************
Fatal NI connect error 12560, connecting to:
 (DESCRIPTION=(CONNECT_DATA=(SERVICE_NAME=TEST.mars.kase.kz)(CID=(PROGRAM=httpd@site)(HOST=site)(USER=apache)))(ADDRESS=(PROTOCOL=TCP)(HOST=192.168.0.26)(PORT=1521)))

  VERSION INFORMATION:
	TNS for Linux: Version 10.2.0.4.0 - Production
	TCP/IP NT Protocol Adapter for Linux: Version 10.2.0.4.0 - Production
  Time: 21-JAN-2011 21:57:58
  Tracing not turned on.
  Tns error struct:
    ns main err code: 12560
    TNS-12560: Message 12560 not found; No message file for product=network, facility=TNS
    ns secondary err code: 0
    nt main err code: 530
    TNS-00530: Message 530 not found; No message file for product=network, facility=TNS
    nt secondary err code: 113
    nt OS err code: 0


***********************************************************************
Fatal NI connect error 12541, connecting to:
 (DESCRIPTION=(CONNECT_DATA=(SERVICE_NAME=TEST.mars.kase.kz)(CID=(PROGRAM=httpd@site)(HOST=site)(USER=apache)))(ADDRESS=(PROTOCOL=TCP)(HOST=192.168.0.26)(PORT=1521)))

  VERSION INFORMATION:
	TNS for Linux: Version 10.2.0.4.0 - Production
	TCP/IP NT Protocol Adapter for Linux: Version 10.2.0.4.0 - Production
  Time: 22-AUG-2011 23:50:42
  Tracing not turned on.
  Tns error struct:
    ns main err code: 12541
    TNS-12541: Message 12541 not found; No message file for product=network, facility=TNS
    ns secondary err code: 12560
    nt main err code: 511
    TNS-00511: Message 511 not found; No message file for product=network, facility=TNS
    nt secondary err code: 111
    nt OS err code: 0


***********************************************************************
Fatal NI connect error 12560, connecting to:
 (DESCRIPTION=(CONNECT_DATA=(SERVICE_NAME=TEST.mars.kase.kz)(CID=(PROGRAM=httpd@site)(HOST=site)(USER=apache)))(ADDRESS=(PROTOCOL=TCP)(HOST=192.168.0.26)(PORT=1521)))

  VERSION INFORMATION:
	TNS for Linux: Version 10.2.0.4.0 - Production
	TCP/IP NT Protocol Adapter for Linux: Version 10.2.0.4.0 - Production
  Time: 03-FEB-2013 05:21:09
  Tracing not turned on.
  Tns error struct:
    ns main err code: 12560
    TNS-12560: Message 12560 not found; No message file for product=network, facility=TNS
    ns secondary err code: 0
    nt main err code: 530
    TNS-00530: Message 530 not found; No message file for product=network, facility=TNS
    nt secondary err code: 113
    nt OS err code: 0
